<?xml version="1.0" encoding="UTF-8"?>
<testsuite xmlns:xsi="http://www.w3.org/2001/XMLSchema-instance" xsi:noNamespaceSchemaLocation="https://maven.apache.org/surefire/maven-surefire-plugin/xsd/surefire-test-report-3.0.xsd" version="3.0" name="dev.aap.AAPTest" time="0.512" tests="22" errors="0" skipped="0" failures="0">
  <properties>
[...]
</properties>
  <testcase name="identity_denies_out_of_scope" classname="dev.aap.AAPTest" time="0.315"/>
  <testcase name="audit_five_entries" classname="dev.aap.AAPTest" time="0.021"/>
  <testcase name="audit_genesis_hash" classname="dev.aap.AAPTest" time="0.004"/>
  <testcase name="identity_verify_correct_key" classname="dev.aap.AAPTest" time="0.005"/>
  <testcase name="audit_one_entry_valid" classname="dev.aap.AAPTest" time="0.003"/>
  <testcase name="audit_empty_valid" classname="dev.aap.AAPTest" time="0.002"/>
  <testcase name="identity_verify_revoked" classname="dev.aap.AAPTest" time="0.007"/>
  <testcase name="auth_revoke" classname="dev.aap.AAPTest" time="0.003"/>
  <testcase name="provenance_same_input_same_hash" classname="dev.aap.AAPTest" time="0.005"/>
  <testcase name="identity_rejects_bad_scope" classname="dev.aap.AAPTest" time="0.011"/>
  <testcase name="physical_world_rule_blocks" classname="dev.aap.AAPTest" time="0.002"/>
  <testcase name="identity_allows_wildcard" classname="dev.aap.AAPTest" time="0.003"/>
  <testcase name="identity_rejects_bad_id" classname="dev.aap.AAPTest" time="0.002"/>
  <testcase name="identity_allows_exact" classname="dev.aap.AAPTest" time="0.002"/>
  <testcase name="identity_rejects_empty_scope" classname="dev.aap.AAPTest" time="0.002"/>
  <testcase name="audit_blocked_recorded" classname="dev.aap.AAPTest" time="0.002"/>
  <testcase name="identity_verify_wrong_key" classname="dev.aap.AAPTest" time="0.007"/>
  <testcase name="identity_creates" classname="dev.aap.AAPTest" time="0.002"/>
  <testcase name="digital_autonomous_ok" classname="dev.aap.AAPTest" time="0.002"/>
  <testcase name="provenance_creates" classname="dev.aap.AAPTest" time="0.003"/>
  <testcase name="physical_supervised_ok" classname="dev.aap.AAPTest" time="0.001"/>
  <testcase name="auth_creates_valid" classname="dev.aap.AAPTest" time="0.001"/>
</testsuite>